[2023-03-08T20:26:44.566Z] starting `heroku update --autoupdate` from /usr/lib/heroku/bin/run version
waiting until 2023-03-08T21:26:44.544Z to update
waiting until 2023-03-08T21:26:52.949Z to update
waiting until 2023-03-08T21:26:52.949Z to update
waiting until 2023-03-08T21:26:52.949Z to update
waiting until 2023-03-08T21:26:52.949Z to update
waiting until 2023-03-08T21:26:52.949Z to update
waiting until 2023-03-08T21:26:52.949Z to update
waiting until 2023-03-08T21:26:52.949Z to update
waiting until 2023-03-08T21:26:52.949Z to update
waiting until 2023-03-08T21:26:52.949Z to update
waiting until 2023-03-08T21:26:52.949Z to update
waiting until 2023-03-08T21:26:52.949Z to update
waiting until 2023-03-08T21:38:04.285Z to update
waiting until 2023-03-08T21:38:04.285Z to update
waiting until 2023-03-08T21:38:04.285Z to update
waiting until 2023-03-08T21:38:04.285Z to update
waiting until 2023-03-08T21:38:04.285Z to update
waiting until 2023-03-08T21:38:04.285Z to update
waiting until 2023-03-08T21:38:04.285Z to update
waiting until 2023-03-08T21:38:04.285Z to update
waiting until 2023-03-08T21:38:04.285Z to update
waiting until 2023-03-08T21:38:04.285Z to update
waiting until 2023-03-08T21:38:04.285Z to update
waiting until 2023-03-08T21:38:04.285Z to update
waiting until 2023-03-08T21:38:04.285Z to update
waiting until 2023-03-08T21:38:04.285Z to update
waiting until 2023-03-08T21:38:04.285Z to update
waiting until 2023-03-08T21:38:04.285Z to update
waiting until 2023-03-08T21:38:04.285Z to update
waiting until 2023-03-08T21:38:04.285Z to update
waiting until 2023-03-08T21:38:04.285Z to update
waiting until 2023-03-08T21:38:04.285Z to update
waiting until 2023-03-08T21:38:04.285Z to update
waiting until 2023-03-08T21:38:04.285Z to update
waiting until 2023-03-08T21:38:04.285Z to update
waiting until 2023-03-08T21:38:04.285Z to update
waiting until 2023-03-08T21:38:04.285Z to update
waiting until 2023-03-08T21:38:04.285Z to update
waiting until 2023-03-08T21:38:04.285Z to update
waiting until 2023-03-08T21:38:04.285Z to update
waiting until 2023-03-08T21:38:04.285Z to update
waiting until 2023-03-08T21:38:04.285Z to update
waiting until 2023-03-08T21:38:04.285Z to update
waiting until 2023-03-08T21:38:04.285Z to update
waiting until 2023-03-08T21:38:04.285Z to update
waiting until 2023-03-08T21:38:04.285Z to update
waiting until 2023-03-08T21:38:04.285Z to update
waiting until 2023-03-08T21:38:04.285Z to update
waiting until 2023-03-08T21:38:04.285Z to update
waiting until 2023-03-08T21:38:04.285Z to update
waiting until 2023-03-08T21:38:04.285Z to update
waiting until 2023-03-08T21:38:04.285Z to update
waiting until 2023-03-08T21:38:04.285Z to update
waiting until 2023-03-08T21:38:04.285Z to update
waiting until 2023-03-08T21:38:04.285Z to update
time to update
heroku: Updating CLI... fetching manifest
heroku: Updating CLI... not updatable
 ›   Warning: update with "sudo apt update && sudo apt install heroku"
Updating completions...
Updating completions... done
[2023-03-29T21:38:20.665Z] starting `heroku update --autoupdate` from /usr/lib/heroku/bin/run open
waiting until 2023-03-29T22:38:20.527Z to update
waiting until 2023-03-29T22:38:53.235Z to update
waiting until 2023-03-29T22:39:24.744Z to update
waiting until 2023-03-29T22:39:24.744Z to update
waiting until 2023-03-29T22:39:24.744Z to update
waiting until 2023-03-29T22:39:24.744Z to update
waiting until 2023-03-29T22:39:24.744Z to update
waiting until 2023-03-29T22:39:24.744Z to update
waiting until 2023-03-29T22:39:24.744Z to update
[2023-10-12T16:38:55.860Z] starting `heroku update --autoupdate` from /usr/lib/heroku/bin/run git:remote
waiting until 2023-10-12T17:38:55.800Z to update
waiting until 2023-10-12T17:38:55.800Z to update
waiting until 2023-10-12T17:38:55.800Z to update
waiting until 2023-10-12T17:38:55.800Z to update
waiting until 2023-10-12T17:38:55.800Z to update
waiting until 2023-10-12T17:38:55.800Z to update
waiting until 2023-10-12T17:38:55.800Z to update
waiting until 2023-10-12T17:38:55.800Z to update
waiting until 2023-10-12T17:38:55.800Z to update
waiting until 2023-10-12T17:38:55.800Z to update
waiting until 2023-10-12T17:38:55.800Z to update
waiting until 2023-10-12T17:38:55.800Z to update
waiting until 2023-10-12T17:50:27.597Z to update
waiting until 2023-10-12T17:51:20.139Z to update
waiting until 2023-10-12T17:51:20.139Z to update
waiting until 2023-10-12T17:51:20.139Z to update
waiting until 2023-10-12T17:51:20.139Z to update
waiting until 2023-10-12T17:51:20.139Z to update
waiting until 2023-10-12T17:56:17.983Z to update
waiting until 2023-10-12T17:57:03.208Z to update
waiting until 2023-10-12T17:58:06.891Z to update
waiting until 2023-10-12T17:58:06.891Z to update
waiting until 2023-10-12T17:58:06.891Z to update
waiting until 2023-10-12T17:58:06.891Z to update
waiting until 2023-10-12T17:58:06.891Z to update
waiting until 2023-10-12T17:58:06.891Z to update
waiting until 2023-10-12T17:58:06.891Z to update
waiting until 2023-10-12T17:58:06.891Z to update
waiting until 2023-10-12T17:58:06.891Z to update
waiting until 2023-10-12T17:58:06.891Z to update
waiting until 2023-10-12T17:58:06.891Z to update
waiting until 2023-10-12T17:58:06.891Z to update
waiting until 2023-10-12T17:58:06.891Z to update
waiting until 2023-10-12T17:58:06.891Z to update
waiting until 2023-10-12T17:58:06.891Z to update
waiting until 2023-10-12T17:58:06.891Z to update
waiting until 2023-10-12T17:58:06.891Z to update
waiting until 2023-10-12T17:58:06.891Z to update
waiting until 2023-10-12T17:58:06.891Z to update
waiting until 2023-10-12T17:58:06.891Z to update
waiting until 2023-10-12T17:58:06.891Z to update
waiting until 2023-10-12T17:58:06.891Z to update
waiting until 2023-10-12T17:58:06.891Z to update
waiting until 2023-10-12T17:58:06.891Z to update
waiting until 2023-10-12T17:58:06.891Z to update
waiting until 2023-10-12T17:58:06.891Z to update
waiting until 2023-10-12T17:58:06.891Z to update
waiting until 2023-10-12T17:58:06.891Z to update
waiting until 2023-10-12T17:58:06.891Z to update
waiting until 2023-10-12T17:58:06.891Z to update
waiting until 2023-10-12T17:58:06.891Z to update
waiting until 2023-10-12T17:58:06.891Z to update
waiting until 2023-10-12T17:58:06.891Z to update
waiting until 2023-10-12T17:58:06.891Z to update
waiting until 2023-10-12T17:58:06.891Z to update
waiting until 2023-10-12T17:58:06.891Z to update
waiting until 2023-10-12T17:58:06.891Z to update
waiting until 2023-10-12T17:58:06.891Z to update
waiting until 2023-10-12T17:58:06.891Z to update
waiting until 2023-10-12T17:58:06.891Z to update
waiting until 2023-10-12T17:58:06.891Z to update
waiting until 2023-10-12T17:58:06.891Z to update
waiting until 2023-10-12T17:58:06.891Z to update
waiting until 2023-10-12T17:58:06.891Z to update
waiting until 2023-10-12T17:58:06.891Z to update
waiting until 2023-10-12T17:58:06.891Z to update
waiting until 2023-10-12T17:58:06.891Z to update
waiting until 2023-10-12T17:58:06.891Z to update
waiting until 2023-10-12T17:58:06.891Z to update
waiting until 2023-10-12T17:58:06.891Z to update
waiting until 2023-10-12T17:58:06.891Z to update
waiting until 2023-10-12T17:58:06.891Z to update
waiting until 2023-10-12T17:58:06.891Z to update
waiting until 2023-10-12T17:58:06.891Z to update
waiting until 2023-10-12T17:58:06.891Z to update
waiting until 2023-10-12T17:58:06.891Z to update
waiting until 2023-10-12T17:58:06.891Z to update
waiting until 2023-10-12T17:58:06.891Z to update
waiting until 2023-10-12T17:58:06.891Z to update
waiting until 2023-10-12T17:58:06.891Z to update
time to update
heroku: Updating CLI...
 ›   Warning: update with "sudo apt update && sudo apt install heroku"
[G[1A[Jheroku: Updating CLI... not updatable
